<?xml version="1.0" encoding="UTF-8"?>
<!-- Generated by org.testng.reporters.JUnitReportReporter -->
<testsuite hostname="LAPTOP-R9SPVK9V" failures="0" tests="1" name="com.bankingProjectNew.TestCases.TC002_LoginDDT" time="0.000" errors="0" timestamp="2021-04-01T05:47:58 EDT" skipped="1">
  <testcase classname="com.bankingProjectNew.TestCases.TC002_LoginDDT" name="loginDDT" time="0.000">
    <skipped/>
  </testcase> <!-- loginDDT -->
</testsuite> <!-- com.bankingProjectNew.TestCases.TC002_LoginDDT -->
