<?xml version="1.0" encoding="UTF-8"?>
<!-- Generated by org.testng.reporters.JUnitReportReporter -->
<testsuite hostname="LAPTOP-R9SPVK9V" failures="0" tests="2" name="com.bankingProjectNew.TestCases.TC001_LoginTestCase" time="3.623" errors="0" timestamp="2021-04-06T09:54:09 EDT" skipped="0">
  <testcase classname="com.bankingProjectNew.TestCases.TC001_LoginTestCase" name="loginTest" time="3.615"/>
  <testcase classname="com.bankingProjectNew.TestCases.TC001_LoginTestCase" name="validateHomePageTitle" time="0.008"/>
</testsuite> <!-- com.bankingProjectNew.TestCases.TC001_LoginTestCase -->
