<?xml version="1.0" encoding="UTF-8"?>
<!-- Generated by org.testng.reporters.JUnitReportReporter -->
<testsuite hostname="LAPTOP-R9SPVK9V" failures="0" tests="2" name="com.bankingProjectNew.TestCases.TC001_LoginTestCase" time="3.631" errors="0" timestamp="2021-04-12T13:39:17 EDT" skipped="0">
  <testcase classname="com.bankingProjectNew.TestCases.TC001_LoginTestCase" name="validateHomePageTitle" time="0.007"/>
  <testcase classname="com.bankingProjectNew.TestCases.TC001_LoginTestCase" name="loginTest" time="3.624"/>
</testsuite> <!-- com.bankingProjectNew.TestCases.TC001_LoginTestCase -->
