<?xml version="1.0" encoding="UTF-8"?>
<!-- Generated by org.testng.reporters.JUnitReportReporter -->
<testsuite hostname="LAPTOP-R9SPVK9V" failures="0" tests="1" name="com.bankingProjectNew.TestCases.TC004_AddNewCustomerTest" time="14.554" errors="0" timestamp="2021-04-08T11:27:27 EDT" skipped="0">
  <testcase classname="com.bankingProjectNew.TestCases.TC004_AddNewCustomerTest" name="addNewCustomer" time="14.554"/>
</testsuite> <!-- com.bankingProjectNew.TestCases.TC004_AddNewCustomerTest -->
